0 info it worked if it ends with ok
1 verbose cli [ '/home/ec2-user/.nvm/versions/node/v6.14.2/bin/node',
1 verbose cli   '/home/ec2-user/.nvm/versions/node/v6.14.2/bin/npm',
1 verbose cli   'run',
1 verbose cli   'reload' ]
2 info using npm@3.10.10
3 info using node@v6.14.2
4 verbose run-script [ 'prereload', 'reload', 'postreload' ]
5 info lifecycle frontend-tutorial@1.0.0~prereload: frontend-tutorial@1.0.0
6 silly lifecycle frontend-tutorial@1.0.0~prereload: no script for prereload, continuing
7 info lifecycle frontend-tutorial@1.0.0~reload: frontend-tutorial@1.0.0
8 verbose lifecycle frontend-tutorial@1.0.0~reload: unsafe-perm in lifecycle true
9 verbose lifecycle frontend-tutorial@1.0.0~reload: PATH: /home/ec2-user/.nvm/versions/node/v6.14.2/lib/node_modules/npm/bin/node-gyp-bin:/home/ec2-user/environment/frontend-tutorial/node_modules/.bin:/home/ec2-user/.nvm/versions/node/v6.14.2/bin:/usr/local/rvm/gems/ruby-2.4.1/bin:/usr/local/rvm/gems/ruby-2.4.1@global/bin:/usr/local/rvm/rubies/ruby-2.4.1/bin:/usr/local/bin:/bin:/usr/bin:/home/ec2-user/.local/bin:/home/ec2-user/bin:/usr/local/sbin:/usr/sbin:/sbin:/opt/aws/bin:/home/ec2-user/.local/bin:/home/ec2-user/bin:/home/ec2-user/.local/bin:/home/ec2-user/bin:/opt/aws/bin:/usr/local/rvm/bin:/home/ec2-user/.local/bin:/home/ec2-user/bin:/home/ec2-user/.local/bin:/home/ec2-user/bin
10 verbose lifecycle frontend-tutorial@1.0.0~reload: CWD: /home/ec2-user/environment/frontend-tutorial
11 silly lifecycle frontend-tutorial@1.0.0~reload: Args: [ '-c', 'autoreload' ]
12 silly lifecycle frontend-tutorial@1.0.0~reload: Returned: code: 1  signal: null
13 info lifecycle frontend-tutorial@1.0.0~reload: Failed to exec reload script
14 verbose stack Error: frontend-tutorial@1.0.0 reload: `autoreload`
14 verbose stack Exit status 1
14 verbose stack     at EventEmitter.<anonymous> (/home/ec2-user/.nvm/versions/node/v6.14.2/lib/node_modules/npm/lib/utils/lifecycle.js:255:16)
14 verbose stack     at emitTwo (events.js:106:13)
14 verbose stack     at EventEmitter.emit (events.js:191:7)
14 verbose stack     at ChildProcess.<anonymous> (/home/ec2-user/.nvm/versions/node/v6.14.2/lib/node_modules/npm/lib/utils/spawn.js:40:14)
14 verbose stack     at emitTwo (events.js:106:13)
14 verbose stack     at ChildProcess.emit (events.js:191:7)
14 verbose stack     at maybeClose (internal/child_process.js:920:16)
14 verbose stack     at Process.ChildProcess._handle.onexit (internal/child_process.js:230:5)
15 verbose pkgid frontend-tutorial@1.0.0
16 verbose cwd /home/ec2-user/environment/frontend-tutorial
17 error Linux 4.14.47-56.37.amzn1.x86_64
18 error argv "/home/ec2-user/.nvm/versions/node/v6.14.2/bin/node" "/home/ec2-user/.nvm/versions/node/v6.14.2/bin/npm" "run" "reload"
19 error node v6.14.2
20 error npm  v3.10.10
21 error code ELIFECYCLE
22 error frontend-tutorial@1.0.0 reload: `autoreload`
22 error Exit status 1
23 error Failed at the frontend-tutorial@1.0.0 reload script 'autoreload'.
23 error Make sure you have the latest version of node.js and npm installed.
23 error If you do, this is most likely a problem with the frontend-tutorial package,
23 error not with npm itself.
23 error Tell the author that this fails on your system:
23 error     autoreload
23 error You can get information on how to open an issue for this project with:
23 error     npm bugs frontend-tutorial
23 error Or if that isn't available, you can get their info via:
23 error     npm owner ls frontend-tutorial
23 error There is likely additional logging output above.
24 verbose exit [ 1, true ]
